Backup created: /usr/local/backups/apache_backup_2026-03-19.tar.gz
httpd/
httpd/httpd.conf
httpd/magic
httpd/original/
httpd/mime.types
httpd/extra/
httpd/extra/httpd-languages.conf
httpd/extra/httpd-dav.conf
httpd/extra/httpd-autoindex.conf
httpd/extra/httpd-manual.conf
httpd/extra/httpd-multilang-errordoc.conf
httpd/extra/httpd-vhosts.conf
httpd/extra/httpd-userdir.conf
httpd/extra/httpd-info.conf
httpd/extra/httpd-ssl.conf
httpd/extra/httpd-default.conf
httpd/extra/proxy-html.conf
httpd/extra/httpd-mpm.conf
httpd/original/httpd.conf
httpd/original/extra/
httpd/original/extra/httpd-languages.conf
httpd/original/extra/httpd-dav.conf
httpd/original/extra/httpd-autoindex.conf
httpd/original/extra/httpd-manual.conf
httpd/original/extra/httpd-multilang-errordoc.conf
httpd/original/extra/httpd-vhosts.conf
httpd/original/extra/httpd-userdir.conf
httpd/original/extra/httpd-info.conf
httpd/original/extra/httpd-ssl.conf
httpd/original/extra/httpd-default.conf
httpd/original/extra/proxy-html.conf
httpd/original/extra/httpd-mpm.conf
www/
www/index.html
www/cgi-bin/
www/cgi-bin/printenv
www/cgi-bin/printenv.wsf
www/cgi-bin/printenv.vbs
www/cgi-bin/test-cgi
